<?xml version="1.0" encoding="UTF-8"?>
<!-- Generated by org.testng.reporters.JUnitXMLReporter -->
<testsuite hostname="Lenovo-Ray" ignored="0" name="MerchantBalanceQuery" tests="3" failures="1" timestamp="22 十一月 2018 09:17:12 GMT" time="29.459" errors="0">
  <testcase name="testMerchantBalanceQuery" time="11.556" classname="com.dy.AutoTest.OperationPlatform.TestCases.MerchantManagementOnLine.OnLineMechantInfo.MerchantBalanceQueryPageTest"/>
  <testcase name="testMerchantBalanceQuery" time="11.262" classname="com.dy.AutoTest.OperationPlatform.TestCases.MerchantManagementOnLine.OnLineMechantInfo.MerchantBalanceQueryPageTest"/>
  <testcase name="testMerchantBalanceQuery" time="0.614" classname="com.dy.AutoTest.OperationPlatform.TestCases.MerchantManagementOnLine.OnLineMechantInfo.MerchantBalanceQueryPageTest">
    <failure type="java.lang.AssertionError" message="Both of MerchantNO and MerchantName are null ! Please check TestData ! expected [true] but found [false]">
      <![CDATA[java.lang.AssertionError: Both of MerchantNO and MerchantName are null ! Please check TestData ! expected [true] but found [false]
at com.dy.AutoTest.web.api.SuperTest.doSearchMerchantByNOorName(SuperTest.java:93)
at com.dy.AutoTest.OperationPlatform.TestCases.MerchantManagementOnLine.OnLineMechantInfo.MerchantBalanceQueryPageTest.testMerchantBalanceQuery(MerchantBalanceQueryPageTest.java:35)
... Removed 28 stack frames]]>
    </failure>
  </testcase> <!-- testMerchantBalanceQuery -->
</testsuite> <!-- MerchantBalanceQuery -->
