<?xml version="1.0" encoding="UTF-8"?>
<!-- Generated by org.testng.reporters.JUnitXMLReporter -->
<<<<<<< HEAD
<testsuite hostname="Lenovo-Ray" ignored="6" name="Default test" tests="1" failures="0" timestamp="12 二月 2019 06:57:55 GMT" time="0.811" errors="0">
  <testcase name="generatePageObject" time="0.678" classname="com.dy.AutoTest.AG_Master"/>
  <testcase name="generatePageTest" time="0.0" classname="com.dy.AutoTest.AG_Master">
    <ignored/>
  </testcase> <!-- generatePageTest -->
  <testcase name="generateTestngXML" time="0.0" classname="com.dy.AutoTest.AG_Master">
    <ignored/>
  </testcase> <!-- generateTestngXML -->
  <testcase name="generateDataBusiness" time="0.0" classname="com.dy.AutoTest.AG_Master">
    <ignored/>
  </testcase> <!-- generateDataBusiness -->
  <testcase name="generateSQL" time="0.0" classname="com.dy.AutoTest.AG_Master">
    <ignored/>
  </testcase> <!-- generateSQL -->
  <testcase name="generateAll" time="0.0" classname="com.dy.AutoTest.AG_Master">
    <ignored/>
  </testcase> <!-- generateAll -->
  <testcase name="generatePOJO" time="0.0" classname="com.dy.AutoTest.AG_Master">
    <ignored/>
  </testcase> <!-- generatePOJO -->
=======
<testsuite hostname="DESKTOP-H55P5P4" ignored="0" name="Default test" tests="1" failures="1" timestamp="14 一月 2019 01:57:08 GMT" time="0.072" errors="0">
  <testcase name="@BeforeClass init" time="0.005" classname="com.dy.AutoTest.MerchantPortal.TestCases.base.LoginPageTest">
    <failure type="java.lang.NullPointerException">
      <![CDATA[java.lang.NullPointerException
at com.dy.AutoTest.MerchantPortal.PageObject.base.LoginPage.<init>(LoginPage.java:19)
at com.dy.AutoTest.MerchantPortal.TestCases.base.LoginPageTest.init(LoginPageTest.java:31)
at sun.reflect.NativeMethodAccessorImpl.invoke0(Native Method)
at sun.reflect.NativeMethodAccessorImpl.invoke(Unknown Source)
at sun.reflect.DelegatingMethodAccessorImpl.invoke(Unknown Source)
at java.lang.reflect.Method.invoke(Unknown Source)
at org.testng.internal.MethodInvocationHelper.invokeMethod(MethodInvocationHelper.java:124)
at org.testng.internal.MethodInvocationHelper.invokeMethodConsideringTimeout(MethodInvocationHelper.java:59)
at org.testng.internal.Invoker.invokeConfigurationMethod(Invoker.java:458)
at org.testng.internal.Invoker.invokeConfigurations(Invoker.java:222)
at org.testng.internal.Invoker.invokeConfigurations(Invoker.java:142)
at org.testng.internal.TestMethodWorker.invokeBeforeClassMethods(TestMethodWorker.java:168)
at org.testng.internal.TestMethodWorker.run(TestMethodWorker.java:105)
at org.testng.TestRunner.privateRun(TestRunner.java:648)
at org.testng.TestRunner.run(TestRunner.java:505)
at org.testng.SuiteRunner.runTest(SuiteRunner.java:455)
at org.testng.SuiteRunner.runSequentially(SuiteRunner.java:450)
at org.testng.SuiteRunner.privateRun(SuiteRunner.java:415)
at org.testng.SuiteRunner.run(SuiteRunner.java:364)
at org.testng.SuiteRunnerWorker.runSuite(SuiteRunnerWorker.java:52)
at org.testng.SuiteRunnerWorker.run(SuiteRunnerWorker.java:84)
at org.testng.TestNG.runSuitesSequentially(TestNG.java:1208)
at org.testng.TestNG.runSuitesLocally(TestNG.java:1137)
at org.testng.TestNG.runSuites(TestNG.java:1049)
at org.testng.TestNG.run(TestNG.java:1017)
at org.testng.remote.AbstractRemoteTestNG.run(AbstractRemoteTestNG.java:114)
at org.testng.remote.RemoteTestNG.initAndRun(RemoteTestNG.java:251)
at org.testng.remote.RemoteTestNG.main(RemoteTestNG.java:77)
]]>
    </failure>
  </testcase> <!-- @BeforeClass init -->
  <testcase name="@AfterTest AfterTest" time="0.0" classname="com.dy.AutoTest.web.api.SuperTest">
    <skipped/>
  </testcase> <!-- @AfterTest AfterTest -->
  <testcase name="testLogin" time="0.0" classname="com.dy.AutoTest.MerchantPortal.TestCases.base.LoginPageTest">
    <failure type="org.testng.TestNGException" message="
Parameter &amp;apos;OperID&amp;apos; is required by @Test on method testLogin but has not been marked @Optional or defined
in C:\Users\Think\AppData\Local\Temp\testng-eclipse-1433505645\testng-customsuite.xml">
      <![CDATA[org.testng.TestNGException: 
Parameter 'OperID' is required by @Test on method testLogin but has not been marked @Optional or defined
in C:\Users\Think\AppData\Local\Temp\testng-eclipse-1433505645\testng-customsuite.xml
at org.testng.internal.Parameters.createParams(Parameters.java:290)
at org.testng.internal.Parameters.createParametersForMethod(Parameters.java:359)
at org.testng.internal.Parameters.createParameters(Parameters.java:620)
at org.testng.internal.Parameters.handleParameters(Parameters.java:769)
at org.testng.internal.ParameterHandler.handleParameters(ParameterHandler.java:49)
at org.testng.internal.ParameterHandler.createParameters(ParameterHandler.java:37)
at org.testng.internal.Invoker.invokeTestMethods(Invoker.java:924)
at org.testng.internal.TestMethodWorker.invokeTestMethods(TestMethodWorker.java:125)
at org.testng.internal.TestMethodWorker.run(TestMethodWorker.java:109)
at org.testng.TestRunner.privateRun(TestRunner.java:648)
at org.testng.TestRunner.run(TestRunner.java:505)
at org.testng.SuiteRunner.runTest(SuiteRunner.java:455)
at org.testng.SuiteRunner.runSequentially(SuiteRunner.java:450)
at org.testng.SuiteRunner.privateRun(SuiteRunner.java:415)
at org.testng.SuiteRunner.run(SuiteRunner.java:364)
at org.testng.SuiteRunnerWorker.runSuite(SuiteRunnerWorker.java:52)
at org.testng.SuiteRunnerWorker.run(SuiteRunnerWorker.java:84)
at org.testng.TestNG.runSuitesSequentially(TestNG.java:1208)
at org.testng.TestNG.runSuitesLocally(TestNG.java:1137)
at org.testng.TestNG.runSuites(TestNG.java:1049)
at org.testng.TestNG.run(TestNG.java:1017)
at org.testng.remote.AbstractRemoteTestNG.run(AbstractRemoteTestNG.java:114)
at org.testng.remote.RemoteTestNG.initAndRun(RemoteTestNG.java:251)
at org.testng.remote.RemoteTestNG.main(RemoteTestNG.java:77)
]]>
    </failure>
  </testcase> <!-- testLogin -->
>>>>>>> branch 'master' of https://github.com/DyAutoTest/WebAutoTest.git
</testsuite> <!-- Default test -->
