<?xml version="1.0" encoding="UTF-8"?>
<testsuite name="Login"
           tests="2"
           failures="1"
           errors="0"
           skipped="1"
           time="0.021">
  <properties />
            <testcase name="init" time="0.021" classname="com.dy.AutoTest.web.actions.SingletonSet">
                <failure type="java.lang.IllegalArgumentException"
                  message="No enum constant com.dy.AutoTest.web.beans.BrowserCategory.Chrome"
              >
<![CDATA[java.lang.IllegalArgumentException: No enum constant com.dy.AutoTest.web.beans.BrowserCategory.Chrome
  java.lang.Enum.valueOf(Enum.java:238)
  com.dy.AutoTest.web.beans.BrowserCategory.valueOf(BrowserCategory.java:1)
  com.dy.AutoTest.web.actions.SingletonSet.init(SingletonSet.java:34)
  sun.reflect.NativeMethodAccessorImpl.invoke0(Native Method)
  sun.reflect.NativeMethodAccessorImpl.invoke(NativeMethodAccessorImpl.java:62)
  sun.reflect.DelegatingMethodAccessorImpl.invoke(DelegatingMethodAccessorImpl.java:43)
  java.lang.reflect.Method.invoke(Method.java:498)
  org.testng.internal.MethodInvocationHelper.invokeMethod(MethodInvocationHelper.java:124)
  org.testng.internal.MethodInvocationHelper.invokeMethodConsideringTimeout(MethodInvocationHelper.java:59)
  org.testng.internal.Invoker.invokeConfigurationMethod(Invoker.java:458)
  org.testng.internal.Invoker.invokeConfigurations(Invoker.java:222)
  org.testng.internal.Invoker.invokeConfigurations(Invoker.java:142)
  org.testng.SuiteRunner.privateRun(SuiteRunner.java:401)
  org.testng.SuiteRunner.run(SuiteRunner.java:364)
  org.testng.SuiteRunnerWorker.runSuite(SuiteRunnerWorker.java:52)
  org.testng.SuiteRunnerWorker.run(SuiteRunnerWorker.java:84)
  org.testng.TestNG.runSuitesSequentially(TestNG.java:1208)
  org.testng.TestNG.runSuitesLocally(TestNG.java:1137)
  org.testng.TestNG.runSuites(TestNG.java:1049)
  org.testng.TestNG.run(TestNG.java:1017)
  org.testng.remote.AbstractRemoteTestNG.run(AbstractRemoteTestNG.java:114)
  org.testng.remote.RemoteTestNG.initAndRun(RemoteTestNG.java:251)
  org.testng.remote.RemoteTestNG.main(RemoteTestNG.java:77)
]]>
      </failure>

          </testcase>
  
            <testcase name="releaseJDBC" time="0.0" classname="com.dy.AutoTest.web.actions.SingletonSet">
          <skipped />
    </testcase>
  
  
</testsuite>
